<?xml version="1.0" encoding="UTF-8"?>
<testng-results ignored="0" total="2" passed="2" failed="0" skipped="0">
  <reporter-output>
  </reporter-output>
  <suite started-at="2024-03-04T11:13:51 IST" name="Suite" finished-at="2024-03-04T11:14:00 IST" duration-ms="9358">
    <groups>
      <group name="regression">
        <method signature="TC_001_AccountRegistrationTest.verifyaccountregistration()[pri:0, instance:testCases.TC_001_AccountRegistrationTest@615091b8]" name="verifyaccountregistration" class="testCases.TC_001_AccountRegistrationTest"/>
      </group> <!-- regression -->
      <group name="sanity">
        <method signature="TC_002_LoginTest.verifyLogin()[pri:0, instance:testCases.TC_002_LoginTest@12bd8a64]" name="verifyLogin" class="testCases.TC_002_LoginTest"/>
      </group> <!-- sanity -->
      <group name="master">
        <method signature="TC_001_AccountRegistrationTest.verifyaccountregistration()[pri:0, instance:testCases.TC_001_AccountRegistrationTest@615091b8]" name="verifyaccountregistration" class="testCases.TC_001_AccountRegistrationTest"/>
        <method signature="TC_002_LoginTest.verifyLogin()[pri:0, instance:testCases.TC_002_LoginTest@12bd8a64]" name="verifyLogin" class="testCases.TC_002_LoginTest"/>
      </group> <!-- master -->
    </groups>
    <test started-at="2024-03-04T11:13:51 IST" name="Test" finished-at="2024-03-04T11:14:00 IST" duration-ms="9358">
      <class name="testCases.TC_001_AccountRegistrationTest">
        <test-method is-config="true" signature="setup(java.lang.String,java.lang.String)[pri:0, instance:testCases.TC_001_AccountRegistrationTest@615091b8]" started-at="2024-03-04T11:13:51 IST" name="setup" finished-at="2024-03-04T11:13:54 IST" duration-ms="2649" status="PASS">
          <params>
            <param index="0">
              <value>
                <![CDATA[Windows]]>
              </value>
            </param>
            <param index="1">
              <value>
                <![CDATA[chrome]]>
              </value>
            </param>
          </params>
          <reporter-output>
          </reporter-output>
        </test-method> <!-- setup -->
        <test-method signature="verifyaccountregistration()[pri:0, instance:testCases.TC_001_AccountRegistrationTest@615091b8]" started-at="2024-03-04T11:13:54 IST" name="verifyaccountregistration" finished-at="2024-03-04T11:13:55 IST" duration-ms="1753" status="PASS">
          <reporter-output>
          </reporter-output>
        </test-method> <!-- verifyaccountregistration -->
        <test-method is-config="true" signature="tearDown()[pri:0, instance:testCases.TC_001_AccountRegistrationTest@615091b8]" started-at="2024-03-04T11:13:55 IST" name="tearDown" finished-at="2024-03-04T11:13:56 IST" duration-ms="206" status="PASS">
          <reporter-output>
          </reporter-output>
        </test-method> <!-- tearDown -->
      </class> <!-- testCases.TC_001_AccountRegistrationTest -->
      <class name="testCases.TC_002_LoginTest">
        <test-method is-config="true" signature="setup(java.lang.String,java.lang.String)[pri:0, instance:testCases.TC_002_LoginTest@12bd8a64]" started-at="2024-03-04T11:13:56 IST" name="setup" finished-at="2024-03-04T11:13:58 IST" duration-ms="2055" status="PASS">
          <params>
            <param index="0">
              <value>
                <![CDATA[Windows]]>
              </value>
            </param>
            <param index="1">
              <value>
                <![CDATA[chrome]]>
              </value>
            </param>
          </params>
          <reporter-output>
          </reporter-output>
        </test-method> <!-- setup -->
        <test-method signature="verifyLogin()[pri:0, instance:testCases.TC_002_LoginTest@12bd8a64]" started-at="2024-03-04T11:13:58 IST" name="verifyLogin" finished-at="2024-03-04T11:14:00 IST" duration-ms="2231" status="PASS">
          <reporter-output>
          </reporter-output>
        </test-method> <!-- verifyLogin -->
        <test-method is-config="true" signature="tearDown()[pri:0, instance:testCases.TC_002_LoginTest@12bd8a64]" started-at="2024-03-04T11:14:00 IST" name="tearDown" finished-at="2024-03-04T11:14:00 IST" duration-ms="135" status="PASS">
          <reporter-output>
          </reporter-output>
        </test-method> <!-- tearDown -->
      </class> <!-- testCases.TC_002_LoginTest -->
    </test> <!-- Test -->
  </suite> <!-- Suite -->
</testng-results>
